<?xml version="1.0" encoding="UTF-8"?>
<testng-results ignored="0" total="1" passed="1" failed="0" skipped="0">
  <reporter-output>
  </reporter-output>
  <suite started-at="2019-05-04T10:40:55Z" name="Default suite" finished-at="2019-05-04T10:41:05Z" duration-ms="10025">
    <groups>
    </groups>
    <test started-at="2019-05-04T10:40:55Z" name="Default test" finished-at="2019-05-04T10:41:05Z" duration-ms="10025">
      <class name="utilitiesFunctions.CommonUtilities">
        <test-method signature="driverInit()[pri:0, instance:utilitiesFunctions.CommonUtilities@fa4c865]" started-at="2019-05-04T10:40:55Z" name="driverInit" finished-at="2019-05-04T10:41:05Z" duration-ms="9975" status="PASS">
          <reporter-output>
          </reporter-output>
        </test-method> <!-- driverInit -->
      </class> <!-- utilitiesFunctions.CommonUtilities -->
    </test> <!-- Default test -->
  </suite> <!-- Default suite -->
</testng-results>
